<?xml version="1.0" encoding="UTF-8"?>
<!-- Generated by org.testng.reporters.JUnitReportReporter -->
<testsuite hostname="JarvisLaptop" failures="0" tests="1" name="com.payroll.testcases.HomePageTest" time="0.005" errors="0" timestamp="2022-04-29T01:55:49 IST" skipped="0">
  <testcase classname="com.payroll.testcases.HomePageTest" name="PayrollLooTest" time="0.005"/>
  <system-out/>
</testsuite> <!-- com.payroll.testcases.HomePageTest -->
