<?xml version="1.0" encoding="UTF-8"?>
<!-- Generated by org.testng.reporters.JUnitReportReporter -->
<testsuite hostname="JarvisLaptop" failures="0" tests="1" name="com.payroll.testcases.LoginPageTest" time="17.660" errors="0" timestamp="2022-04-29T01:57:29 IST" skipped="0">
  <testcase classname="com.payroll.testcases.LoginPageTest" name="LoginTest" time="17.660"/>
  <system-out/>
</testsuite> <!-- com.payroll.testcases.LoginPageTest -->
