<?xml version="1.0" encoding="UTF-8"?>
<!-- Generated by org.testng.reporters.JUnitReportReporter -->
<testsuite hostname="JarvisLaptop" failures="0" tests="2" name="TestNgTutorial.TestNgDP" time="8.833" errors="0" timestamp="2022-03-31T08:00:18 IST" skipped="0">
  <testcase classname="TestNgTutorial.TestNgDP" name="Login" time="3.895"/>
  <system-out/>
  <testcase classname="TestNgTutorial.TestNgDP" name="Login" time="4.938"/>
  <system-out/>
</testsuite> <!-- TestNgTutorial.TestNgDP -->
