<?xml version="1.0" encoding="UTF-8"?>
<!-- Generated by org.testng.reporters.JUnitReportReporter -->
<testsuite hostname="JarvisLaptop" failures="0" tests="2" name="TestNgTutorial.TestNgBasics" time="0.009" errors="0" timestamp="2022-03-29T07:09:55 IST" skipped="0">
  <testcase classname="TestNgTutorial.TestNgBasics" name="demo" time="0.008"/>
  <system-out/>
  <testcase classname="TestNgTutorial.TestNgBasics" name="secondTestCase" time="0.001"/>
  <system-out/>
</testsuite> <!-- TestNgTutorial.TestNgBasics -->
