<?xml version="1.0" encoding="UTF-8"?>
<!-- Generated by org.testng.reporters.JUnitReportReporter -->
<testsuite hostname="JarvisLaptop" failures="0" tests="3" name="Tutorial.gardenInsurance" time="0.003" errors="0" timestamp="2022-03-29T07:55:16 IST" skipped="0">
  <testcase classname="Tutorial.gardenInsurance" name="MobileLogin" time="0.001"/>
  <system-out/>
  <testcase classname="Tutorial.gardenInsurance" name="APILogin" time="0.001"/>
  <system-out/>
  <testcase classname="Tutorial.gardenInsurance" name="WebLogin" time="0.001"/>
  <system-out/>
</testsuite> <!-- Tutorial.gardenInsurance -->
