<?xml version="1.0" encoding="UTF-8"?>
<!-- Generated by org.testng.reporters.JUnitReportReporter -->
<testsuite hostname="JarvisLaptop" failures="0" tests="1" name="Tutorial.TestNgBasics" time="0.008" errors="0" timestamp="2022-03-28T08:36:35 IST" skipped="0">
  <testcase classname="Tutorial.TestNgBasics" name="demo" time="0.008"/>
  <system-out/>
</testsuite> <!-- Tutorial.TestNgBasics -->
