<?xml version="1.0" encoding="UTF-8"?>
<!-- Generated by org.testng.reporters.JUnitReportReporter -->
<testsuite hostname="JarvisLaptop" failures="0" tests="4" name="TestNgTutorial.HomeInsurance" time="0.007" errors="0" timestamp="2022-03-31T07:10:58 IST" skipped="1">
  <testcase classname="TestNgTutorial.HomeInsurance" name="WebLoginHome" time="0.005"/>
  <system-out/>
  <testcase classname="TestNgTutorial.HomeInsurance" name="MobileLoginHome" time="0.001"/>
  <system-out/>
  <testcase classname="TestNgTutorial.HomeInsurance" name="WebLogoutHome" time="0.001"/>
  <system-out/>
  <testcase classname="TestNgTutorial.HomeInsurance" name="APILoginHome">
    <skipped/>
  </testcase> <!-- APILoginHome -->
  <system-out/>
</testsuite> <!-- TestNgTutorial.HomeInsurance -->
