<?xml version="1.0" encoding="UTF-8"?>
<!-- Generated by org.testng.reporters.JUnitReportReporter -->
<testsuite hostname="JarvisLaptop" failures="0" tests="4" name="TestNgTutorial.LifeInsurance" time="0.006" errors="0" timestamp="2022-03-31T07:14:35 IST" skipped="0">
  <testcase classname="TestNgTutorial.LifeInsurance" name="MobileLoginLife" time="0.001"/>
  <system-out/>
  <testcase classname="TestNgTutorial.LifeInsurance" name="WebLogoutLife" time="0.002"/>
  <system-out/>
  <testcase classname="TestNgTutorial.LifeInsurance" name="WebLoginLife" time="0.002"/>
  <system-out/>
  <testcase classname="TestNgTutorial.LifeInsurance" name="APILoginLife" time="0.001"/>
  <system-out/>
</testsuite> <!-- TestNgTutorial.LifeInsurance -->
