<?xml version="1.0" encoding="UTF-8"?>
<!-- Generated by org.testng.reporters.JUnitReportReporter -->
<testsuite hostname="JarvisLaptop" failures="0" tests="1" name="TestNgTutorial.TestNgPara" time="0.008" errors="0" timestamp="2022-03-31T08:21:55 IST" skipped="0">
  <testcase classname="TestNgTutorial.TestNgPara" name="demo" time="0.008"/>
  <system-out/>
</testsuite> <!-- TestNgTutorial.TestNgPara -->
