<?xml version="1.0" encoding="UTF-8"?>
<!-- Generated by org.testng.reporters.JUnitReportReporter -->
<testsuite hostname="JarvisLaptop" failures="0" tests="1" name="TestNgTutorial.DataProvider" time="18.733" errors="0" timestamp="2022-03-30T08:29:45 IST" skipped="0">
  <testcase classname="TestNgTutorial.DataProvider" name="Login" time="18.733"/>
  <system-out/>
</testsuite> <!-- TestNgTutorial.DataProvider -->
