<?xml version="1.0" encoding="UTF-8"?>
<!-- Generated by org.testng.reporters.JUnitReportReporter -->
<testsuite hostname="JarvisLaptop" failures="0" tests="2" name="TestNgTutorial.gardenInsurance" time="0.002" errors="0" timestamp="2022-03-30T07:21:31 IST" skipped="0">
  <testcase classname="TestNgTutorial.gardenInsurance" name="WebLoginGarden" time="0.001"/>
  <system-out/>
  <testcase classname="TestNgTutorial.gardenInsurance" name="APILoginGarden" time="0.001"/>
  <system-out/>
</testsuite> <!-- TestNgTutorial.gardenInsurance -->
