<?xml version="1.0" encoding="UTF-8"?>
<!-- Generated by org.testng.reporters.JUnitReportReporter -->
<testsuite hostname="JarvisLaptop" failures="0" tests="4" name="TestNgTutorial.VehicleInsurance" time="0.008" errors="0" timestamp="2022-04-01T08:30:51 IST" skipped="0">
  <testcase classname="TestNgTutorial.VehicleInsurance" name="APILoginVehicle" time="0.003"/>
  <system-out/>
  <testcase classname="TestNgTutorial.VehicleInsurance" name="MobileLoginVehicle" time="0.001"/>
  <system-out/>
  <testcase classname="TestNgTutorial.VehicleInsurance" name="WebLogoutVehicle" time="0.001"/>
  <system-out/>
  <testcase classname="TestNgTutorial.VehicleInsurance" name="WebLoginVehicle" time="0.003"/>
  <system-out/>
</testsuite> <!-- TestNgTutorial.VehicleInsurance -->
